<?xml version="1.0" encoding="UTF-8"?>
<!-- Generated by org.testng.reporters.JUnitReportReporter -->
<testsuite skipped="0" hostname="DESKTOP-V5PKU20" name="com_trackflow_test.logintest" tests="4" failures="0" timestamp="21 Sep 2020 08:05:34 GMT" time="6.569" errors="0">
  <testcase name="logindata" time="2.074" classname="com_trackflow_test.logintest"/>
  <testcase name="logindata" time="1.948" classname="com_trackflow_test.logintest"/>
  <testcase name="logindata" time="2.535" classname="com_trackflow_test.logintest"/>
  <testcase name="validatetitle" time="0.012" classname="com_trackflow_test.logintest"/>
</testsuite> <!-- com_trackflow_test.logintest -->
