<?xml version="1.0" encoding="UTF-8"?>
<!-- Generated by org.testng.reporters.JUnitReportReporter -->
<testsuite skipped="0" hostname="DESKTOP-V5PKU20" name="com_trackflow_test.thirdpartytest" tests="1" failures="0" timestamp="21 Sep 2020 08:05:34 GMT" time="8.130" errors="0">
  <testcase name="addpointofcontact" time="8.130" classname="com_trackflow_test.thirdpartytest"/>
</testsuite> <!-- com_trackflow_test.thirdpartytest -->
