<?xml version="1.0" encoding="UTF-8"?>
<!-- Generated by org.testng.reporters.JUnitReportReporter -->
<testsuite skipped="0" hostname="DESKTOP-V5PKU20" name="com_trackflow_generic.base" tests="1" failures="0" timestamp="11 Aug 2020 18:59:00 GMT" time="13.580" errors="0">
  <testcase name="initialise" time="13.580" classname="com_trackflow_generic.base"/>
</testsuite> <!-- com_trackflow_generic.base -->
